[debug] [2024-03-15T06:23:19.286Z] ----------------------------------------------------------------------
[debug] [2024-03-15T06:23:19.290Z] Command:       C:\Program Files\nodejs\node.exe C:\Users\Arwyn PC\AppData\Roaming\npm\node_modules\firebase-tools\lib\bin\firebase.js init
[debug] [2024-03-15T06:23:19.290Z] CLI Version:   13.5.1
[debug] [2024-03-15T06:23:19.291Z] Platform:      win32
[debug] [2024-03-15T06:23:19.291Z] Node Version:  v20.10.0
[debug] [2024-03-15T06:23:19.291Z] Time:          Fri Mar 15 2024 14:23:19 GMT+0800 (Philippine Standard Time)
[debug] [2024-03-15T06:23:19.291Z] ----------------------------------------------------------------------
[debug] 
[debug] [2024-03-15T06:23:19.423Z] > command requires scopes: ["email","openid","https://www.googleapis.com/auth/cloudplatformprojects.readonly","https://www.googleapis.com/auth/firebase","https://www.googleapis.com/auth/cloud-platform"]
[debug] [2024-03-15T06:23:19.423Z] > authorizing via signed-in user (arwynanindy28@gmail.com)
[info] 
     ######## #### ########  ######## ########     ###     ######  ########
     ##        ##  ##     ## ##       ##     ##  ##   ##  ##       ##
     ######    ##  ########  ######   ########  #########  ######  ######
     ##        ##  ##    ##  ##       ##     ## ##     ##       ## ##
     ##       #### ##     ## ######## ########  ##     ##  ######  ########

You're about to initialize a Firebase project in this directory:

  F:\Game Jam\ChatterboxMain

Before we get started, keep in mind:

  * You are initializing within an existing Firebase project directory

